<?xml version="1.0" encoding="UTF-8"?>
<!-- Generated by org.testng.reporters.JUnitReportReporter -->
<testsuite hostname="DESKTOP-G3P88A0" failures="0" tests="4" name="assignment1.BaseClass" time="9.146" errors="0" timestamp="2023-02-21T18:22:08 IST" skipped="0">
  <testcase classname="assignment1.BaseClass" name="fullnameTest" time="2.260"/>
  <system-out/>
  <testcase classname="assignment1.BaseClass" name="passwordTest" time="2.268"/>
  <system-out/>
  <testcase classname="assignment1.BaseClass" name="phoneTest" time="2.300"/>
  <system-out/>
  <testcase classname="assignment1.BaseClass" name="signupTest" time="2.318"/>
  <system-out/>
</testsuite> <!-- assignment1.BaseClass -->
