<?xml version="1.0" encoding="UTF-8"?>
<!-- Generated by org.testng.reporters.JUnitReportReporter -->
<testsuite hostname="DESKTOP-G3P88A0" failures="0" tests="3" name="assignment1.NewBaseClass" time="6.791" errors="0" timestamp="2023-02-22T20:13:16 IST" skipped="0">
  <testcase classname="assignment1.NewBaseClass" name="function1Test" time="2.377"/>
  <system-out/>
  <testcase classname="assignment1.NewBaseClass" name="function2Test" time="2.217"/>
  <system-out/>
  <testcase classname="assignment1.NewBaseClass" name="function3Test" time="2.197"/>
  <system-out/>
</testsuite> <!-- assignment1.NewBaseClass -->
