<?xml version="1.0" encoding="UTF-8"?>
<!-- Generated by org.testng.reporters.JUnitReportReporter -->
<testsuite hostname="DESKTOP-G3P88A0" failures="0" tests="1" name="assignment1.PropertiesFile" time="0.019" errors="0" timestamp="2023-02-21T11:41:53 IST" skipped="0">
  <testcase classname="assignment1.PropertiesFile" name="fileRead" time="0.019"/>
  <system-out/>
</testsuite> <!-- assignment1.PropertiesFile -->
